<?xml version="1.0" encoding="UTF-8"?>
<testsuite xmlns:xsi="http://www.w3.org/2001/XMLSchema-instance" xsi:noNamespaceSchemaLocation="https://maven.apache.org/surefire/maven-surefire-plugin/xsd/surefire-test-report-3.0.xsd" version="3.0" name="com.stc.library.dao.SQLiteBookDAOTest" time="0.624" tests="1" errors="0" skipped="0" failures="0">
  <properties>
[...]
</properties>
  <testcase name="testSaveBookIntegration" classname="com.stc.library.dao.SQLiteBookDAOTest" time="0.04">
    <system-out><![CDATA[Success: SQLite database and books table are ready.
Success: Book saved to database: Integration Testing Guide
]]></system-out>
  </testcase>
</testsuite>